<?xml version="1.0" encoding="UTF-8"?>
<!-- Generated by org.testng.reporters.JUnitXMLReporter -->
<testsuite ignored="1" hostname="EC2AMAZ-4HQENO5" failures="0" tests="1" name="Default test" time="9.018" errors="0" timestamp="2025-03-05T04:41:38 UTC">
  <testcase classname="tests.LoginTest" name="testValidLogin" time="3.241"/>
  <testcase classname="tests.LoginTest" name="testLoginWithInvalidCredentials" time="0.0">
    <ignored/>
  </testcase> <!-- testLoginWithInvalidCredentials -->
</testsuite> <!-- Default test -->
