<?xml version="1.0" encoding="UTF-8"?>
<testng-results ignored="0" total="1" passed="1" failed="0" skipped="0">
  <reporter-output>
  </reporter-output>
  <suite started-at="2025-03-05T04:41:29 UTC" name="Default suite" finished-at="2025-03-05T04:41:38 UTC" duration-ms="9018">
    <groups>
    </groups>
    <test started-at="2025-03-05T04:41:29 UTC" name="Default test" finished-at="2025-03-05T04:41:38 UTC" duration-ms="9018">
      <class name="tests.LoginTest">
        <test-method is-config="true" signature="setupReport()[pri:0, instance:tests.LoginTest@3ba987b8]" started-at="2025-03-05T04:41:29 UTC" name="setupReport" finished-at="2025-03-05T04:41:29 UTC" duration-ms="608" status="PASS">
          <reporter-output>
          </reporter-output>
        </test-method> <!-- setupReport -->
        <test-method is-config="true" signature="setUp()[pri:0, instance:tests.LoginTest@3ba987b8]" started-at="2025-03-05T04:41:30 UTC" name="setUp" finished-at="2025-03-05T04:41:35 UTC" duration-ms="5147" status="PASS">
          <reporter-output>
          </reporter-output>
        </test-method> <!-- setUp -->
        <test-method signature="testValidLogin()[pri:0, instance:tests.LoginTest@3ba987b8]" started-at="2025-03-05T04:41:35 UTC" name="testValidLogin" finished-at="2025-03-05T04:41:38 UTC" duration-ms="3241" status="PASS">
          <reporter-output>
          </reporter-output>
        </test-method> <!-- testValidLogin -->
        <test-method is-config="true" signature="tearDown(org.testng.ITestResult)[pri:0, instance:tests.LoginTest@3ba987b8]" started-at="2025-03-05T04:41:38 UTC" name="tearDown" finished-at="2025-03-05T04:41:38 UTC" duration-ms="537" status="PASS">
          <params>
            <param index="0">
              <value>
                <![CDATA[[TestResult name=testValidLogin status=SUCCESS method=LoginTest.testValidLogin()[pri:0, instance:tests.LoginTest@3ba987b8] output={null}]]]>
              </value>
            </param>
          </params>
          <reporter-output>
          </reporter-output>
        </test-method> <!-- tearDown -->
        <test-method is-config="true" signature="teardownReport()[pri:0, instance:tests.LoginTest@3ba987b8]" started-at="2025-03-05T04:41:39 UTC" name="teardownReport" finished-at="2025-03-05T04:41:39 UTC" duration-ms="870" status="PASS">
          <reporter-output>
          </reporter-output>
        </test-method> <!-- teardownReport -->
      </class> <!-- tests.LoginTest -->
    </test> <!-- Default test -->
  </suite> <!-- Default suite -->
</testng-results>
